PS D:\lab\p3sat3> python .\solver4.py config20_80.json msg
split C001
split C001-19'0
split C001-19't
split C001-19'0-18'0
C001-19'0-18'0-17'0 is done.
split C001-19'0-18't
C001-19'0-18't-17'0 is done.
split C001-19't-18'0
C001-19't-18'0-17'0 is done.
split C001-19't-18't
split C001-19'0-18'0-17't
split C001-19'0-18't-17't
C001-19'0-18't-17't-16'0 is done.
split C001-19't-18'0-17't
split C001-19't-18't-17'0
C001-19't-18't-17'0-16'0 is done.
split C001-19't-18't-17't
split C001-19'0-18'0-17't-16'0
C001-19'0-18'0-17't-16'0-15'0 is done.
split C001-19'0-18'0-17't-16't
C001-19'0-18'0-17't-16't-15'0 is done.
split C001-19'0-18't-17't-16't
split C001-19't-18'0-17't-16'0
C001-19't-18'0-17't-16'0-15'0 is done.
split C001-19't-18'0-17't-16't
C001-19't-18'0-17't-16't-15'0 is done.
split C001-19't-18't-17'0-16't
C001-19't-18't-17'0-16't-15'0 is done.
split C001-19't-18't-17't-16'0
C001-19't-18't-17't-16'0-15'0 is done.
split C001-19't-18't-17't-16't
split C001-19'0-18'0-17't-16'0-15't
C001-19'0-18'0-17't-16'0-15't-14'0 is done.
split C001-19'0-18'0-17't-16't-15't
C001-19'0-18'0-17't-16't-15't-14'0 is done.
split C001-19'0-18't-17't-16't-15'0
C001-19'0-18't-17't-16't-15'0-14'0 is done.
split C001-19'0-18't-17't-16't-15't
C001-19'0-18't-17't-16't-15't-14'0 is done.
split C001-19't-18'0-17't-16'0-15't
split C001-19't-18'0-17't-16't-15't
C001-19't-18'0-17't-16't-15't-14'0 is done.
split C001-19't-18't-17'0-16't-15't
C001-19't-18't-17'0-16't-15't-14'0 is done.
split C001-19't-18't-17't-16'0-15't
C001-19't-18't-17't-16'0-15't-14'0 is done.
split C001-19't-18't-17't-16't-15'0
C001-19't-18't-17't-16't-15'0-14'0 is done.
split C001-19't-18't-17't-16't-15't
split C001-19'0-18'0-17't-16'0-15't-14't
C001-19'0-18'0-17't-16'0-15't-14't-13'0 is done.
split C001-19'0-18'0-17't-16't-15't-14't
C001-19'0-18'0-17't-16't-15't-14't-13'0 is done.
split C001-19'0-18't-17't-16't-15'0-14't
C001-19'0-18't-17't-16't-15'0-14't-13'0 is done.
split C001-19'0-18't-17't-16't-15't-14't
C001-19'0-18't-17't-16't-15't-14't-13'0 is done.
split C001-19't-18'0-17't-16'0-15't-14'0
C001-19't-18'0-17't-16'0-15't-14'0-13'0 is done.
split C001-19't-18'0-17't-16'0-15't-14't
C001-19't-18'0-17't-16'0-15't-14't-13'0 is done.
split C001-19't-18'0-17't-16't-15't-14't
C001-19't-18'0-17't-16't-15't-14't-13'0 is done.
split C001-19't-18't-17'0-16't-15't-14't
C001-19't-18't-17'0-16't-15't-14't-13'0 is done.
split C001-19't-18't-17't-16'0-15't-14't
C001-19't-18't-17't-16'0-15't-14't-13'0 is done.
C001-19't-18't-17't-16'0-15't-14't-13'1 is done.
split C001-19't-18't-17't-16't-15'0-14't
split C001-19't-18't-17't-16't-15't-14'0
C001-19't-18't-17't-16't-15't-14'0-13'0 is done.
split C001-19't-18't-17't-16't-15't-14't
C001-19't-18't-17't-16't-15't-14't-13'0 is done.
split C001-19'0-18'0-17't-16'0-15't-14't-13't
C001-19'0-18'0-17't-16'0-15't-14't-13't-12'0 is done.
C001-19'0-18'0-17't-16'0-15't-14't-13't-12'1 is done.
split C001-19'0-18'0-17't-16't-15't-14't-13't
C001-19'0-18'0-17't-16't-15't-14't-13't-12'0 is done.
split C001-19'0-18't-17't-16't-15'0-14't-13't
C001-19'0-18't-17't-16't-15'0-14't-13't-12'0 is done.
split C001-19'0-18't-17't-16't-15't-14't-13't
C001-19'0-18't-17't-16't-15't-14't-13't-12'0 is done.
split C001-19't-18'0-17't-16'0-15't-14'0-13't
C001-19't-18'0-17't-16'0-15't-14'0-13't-12'0 is done.
split C001-19't-18'0-17't-16'0-15't-14't-13't
C001-19't-18'0-17't-16'0-15't-14't-13't-12'0 is done.
split C001-19't-18'0-17't-16't-15't-14't-13't
C001-19't-18'0-17't-16't-15't-14't-13't-12'0 is done.
split C001-19't-18't-17'0-16't-15't-14't-13't
C001-19't-18't-17'0-16't-15't-14't-13't-12'0 is done.
split C001-19't-18't-17't-16't-15'0-14't-13'0
C001-19't-18't-17't-16't-15'0-14't-13'0-12'0 is done.
split C001-19't-18't-17't-16't-15'0-14't-13't
C001-19't-18't-17't-16't-15'0-14't-13't-12'0 is done.
split C001-19't-18't-17't-16't-15't-14'0-13't
C001-19't-18't-17't-16't-15't-14'0-13't-12'0 is done.
split C001-19't-18't-17't-16't-15't-14't-13't
split C001-19'0-18'0-17't-16't-15't-14't-13't-12't
C001-19'0-18'0-17't-16't-15't-14't-13't-12't-11'0 is done.
split C001-19'0-18't-17't-16't-15'0-14't-13't-12't
C001-19'0-18't-17't-16't-15'0-14't-13't-12't-11'0 is done.
split C001-19'0-18't-17't-16't-15't-14't-13't-12't
C001-19'0-18't-17't-16't-15't-14't-13't-12't-11'0 is done.
split C001-19't-18'0-17't-16'0-15't-14'0-13't-12't
C001-19't-18'0-17't-16'0-15't-14'0-13't-12't-11'0 is done.
split C001-19't-18'0-17't-16'0-15't-14't-13't-12't
C001-19't-18'0-17't-16'0-15't-14't-13't-12't-11'0 is done.
split C001-19't-18'0-17't-16't-15't-14't-13't-12't
C001-19't-18'0-17't-16't-15't-14't-13't-12't-11'0 is done.
split C001-19't-18't-17'0-16't-15't-14't-13't-12't
split C001-19't-18't-17't-16't-15'0-14't-13'0-12't
C001-19't-18't-17't-16't-15'0-14't-13'0-12't-11'0 is done.
split C001-19't-18't-17't-16't-15'0-14't-13't-12't
split C001-19't-18't-17't-16't-15't-14'0-13't-12't
C001-19't-18't-17't-16't-15't-14'0-13't-12't-11'0 is done.
split C001-19't-18't-17't-16't-15't-14't-13't-12'0
C001-19't-18't-17't-16't-15't-14't-13't-12'0-11'0 is done.
split C001-19't-18't-17't-16't-15't-14't-13't-12't
C001-19't-18't-17't-16't-15't-14't-13't-12't-11'0 is done.
split C001-19'0-18'0-17't-16't-15't-14't-13't-12't-11't
C001-19'0-18'0-17't-16't-15't-14't-13't-12't-11't-10'0 is done.
split C001-19'0-18't-17't-16't-15'0-14't-13't-12't-11't
C001-19'0-18't-17't-16't-15'0-14't-13't-12't-11't-10'0 is done.
split C001-19'0-18't-17't-16't-15't-14't-13't-12't-11't
C001-19'0-18't-17't-16't-15't-14't-13't-12't-11't-10'0 is done.
C001-19'0-18't-17't-16't-15't-14't-13't-12't-11't-10'1 is done.
split C001-19't-18'0-17't-16'0-15't-14'0-13't-12't-11't
C001-19't-18'0-17't-16'0-15't-14'0-13't-12't-11't-10'0 is done.
split C001-19't-18'0-17't-16'0-15't-14't-13't-12't-11't
C001-19't-18'0-17't-16'0-15't-14't-13't-12't-11't-10'0 is done.
split C001-19't-18'0-17't-16't-15't-14't-13't-12't-11't
C001-19't-18'0-17't-16't-15't-14't-13't-12't-11't-10'0 is done.
split C001-19't-18't-17'0-16't-15't-14't-13't-12't-11'0
C001-19't-18't-17'0-16't-15't-14't-13't-12't-11'0-10'0 is done.
split C001-19't-18't-17'0-16't-15't-14't-13't-12't-11't
C001-19't-18't-17'0-16't-15't-14't-13't-12't-11't-10'0 is done.
split C001-19't-18't-17't-16't-15'0-14't-13'0-12't-11't
C001-19't-18't-17't-16't-15'0-14't-13'0-12't-11't-10'0 is done.
C001-19't-18't-17't-16't-15'0-14't-13'0-12't-11't-10'1 is done.
split C001-19't-18't-17't-16't-15'0-14't-13't-12't-11'0
C001-19't-18't-17't-16't-15'0-14't-13't-12't-11'0-10'0 is done.
split C001-19't-18't-17't-16't-15'0-14't-13't-12't-11't
C001-19't-18't-17't-16't-15'0-14't-13't-12't-11't-10'0 is done.
split C001-19't-18't-17't-16't-15't-14'0-13't-12't-11't
C001-19't-18't-17't-16't-15't-14'0-13't-12't-11't-10'0 is done.
split C001-19't-18't-17't-16't-15't-14't-13't-12'0-11't
C001-19't-18't-17't-16't-15't-14't-13't-12'0-11't-10'0 is done.
split C001-19't-18't-17't-16't-15't-14't-13't-12't-11't
C001-19't-18't-17't-16't-15't-14't-13't-12't-11't-10'0 is done.
split C001-19'0-18'0-17't-16't-15't-14't-13't-12't-11't-10't
C001-19'0-18'0-17't-16't-15't-14't-13't-12't-11't-10't-9'0 is done.
split C001-19'0-18't-17't-16't-15'0-14't-13't-12't-11't-10't
C001-19'0-18't-17't-16't-15'0-14't-13't-12't-11't-10't-9'0 is done.
split C001-19't-18'0-17't-16'0-15't-14'0-13't-12't-11't-10't
C001-19't-18'0-17't-16'0-15't-14'0-13't-12't-11't-10't-9'0 is done.
split C001-19't-18'0-17't-16'0-15't-14't-13't-12't-11't-10't
C001-19't-18'0-17't-16'0-15't-14't-13't-12't-11't-10't-9'0 is done.
split C001-19't-18'0-17't-16't-15't-14't-13't-12't-11't-10't
split C001-19't-18't-17'0-16't-15't-14't-13't-12't-11'0-10't
C001-19't-18't-17'0-16't-15't-14't-13't-12't-11'0-10't-9'0 is done.
split C001-19't-18't-17'0-16't-15't-14't-13't-12't-11't-10't
C001-19't-18't-17'0-16't-15't-14't-13't-12't-11't-10't-9'0 is done.
C001-19't-18't-17'0-16't-15't-14't-13't-12't-11't-10't-9'1 is done.
split C001-19't-18't-17't-16't-15'0-14't-13't-12't-11'0-10't
C001-19't-18't-17't-16't-15'0-14't-13't-12't-11'0-10't-9'0 is done.
split C001-19't-18't-17't-16't-15'0-14't-13't-12't-11't-10't
C001-19't-18't-17't-16't-15'0-14't-13't-12't-11't-10't-9'0 is done.
split C001-19't-18't-17't-16't-15't-14'0-13't-12't-11't-10't
C001-19't-18't-17't-16't-15't-14'0-13't-12't-11't-10't-9'0 is done.
split C001-19't-18't-17't-16't-15't-14't-13't-12'0-11't-10't
C001-19't-18't-17't-16't-15't-14't-13't-12'0-11't-10't-9'0 is done.
split C001-19't-18't-17't-16't-15't-14't-13't-12't-11't-10't
C001-19't-18't-17't-16't-15't-14't-13't-12't-11't-10't-9'0 is done.
split C001-19'0-18'0-17't-16't-15't-14't-13't-12't-11't-10't-9't
C001-19'0-18'0-17't-16't-15't-14't-13't-12't-11't-10't-9't-8'0 is done.
split C001-19'0-18't-17't-16't-15'0-14't-13't-12't-11't-10't-9't
C001-19'0-18't-17't-16't-15'0-14't-13't-12't-11't-10't-9't-8'0 is done.
C001-19'0-18't-17't-16't-15'0-14't-13't-12't-11't-10't-9't-8'1 is done.
split C001-19't-18'0-17't-16'0-15't-14'0-13't-12't-11't-10't-9't
C001-19't-18'0-17't-16'0-15't-14'0-13't-12't-11't-10't-9't-8'0 is done.
split C001-19't-18'0-17't-16'0-15't-14't-13't-12't-11't-10't-9't
C001-19't-18'0-17't-16'0-15't-14't-13't-12't-11't-10't-9't-8'0 is done.
split C001-19't-18'0-17't-16't-15't-14't-13't-12't-11't-10't-9'0
C001-19't-18'0-17't-16't-15't-14't-13't-12't-11't-10't-9'0-8'0 is done.
split C001-19't-18'0-17't-16't-15't-14't-13't-12't-11't-10't-9't
C001-19't-18'0-17't-16't-15't-14't-13't-12't-11't-10't-9't-8'0 is done.
split C001-19't-18't-17'0-16't-15't-14't-13't-12't-11'0-10't-9't
C001-19't-18't-17'0-16't-15't-14't-13't-12't-11'0-10't-9't-8'0 is done.
split C001-19't-18't-17't-16't-15'0-14't-13't-12't-11'0-10't-9't
C001-19't-18't-17't-16't-15'0-14't-13't-12't-11'0-10't-9't-8'0 is done.
split C001-19't-18't-17't-16't-15'0-14't-13't-12't-11't-10't-9't
C001-19't-18't-17't-16't-15'0-14't-13't-12't-11't-10't-9't-8'0 is done.
split C001-19't-18't-17't-16't-15't-14'0-13't-12't-11't-10't-9't
C001-19't-18't-17't-16't-15't-14'0-13't-12't-11't-10't-9't-8'0 is done.
split C001-19't-18't-17't-16't-15't-14't-13't-12'0-11't-10't-9't
split C001-19't-18't-17't-16't-15't-14't-13't-12't-11't-10't-9't
C001-19't-18't-17't-16't-15't-14't-13't-12't-11't-10't-9't-8'0 is done.
split C001-19'0-18'0-17't-16't-15't-14't-13't-12't-11't-10't-9't-8't
C001-19'0-18'0-17't-16't-15't-14't-13't-12't-11't-10't-9't-8't-7'0 is done.
split C001-19't-18'0-17't-16'0-15't-14'0-13't-12't-11't-10't-9't-8't
C001-19't-18'0-17't-16'0-15't-14'0-13't-12't-11't-10't-9't-8't-7'0 is done.
C001-19't-18'0-17't-16'0-15't-14'0-13't-12't-11't-10't-9't-8't-7'1 is done.
split C001-19't-18'0-17't-16'0-15't-14't-13't-12't-11't-10't-9't-8't
C001-19't-18'0-17't-16'0-15't-14't-13't-12't-11't-10't-9't-8't-7'0 is done.
C001-19't-18'0-17't-16'0-15't-14't-13't-12't-11't-10't-9't-8't-7'1 is done.
split C001-19't-18'0-17't-16't-15't-14't-13't-12't-11't-10't-9'0-8't
C001-19't-18'0-17't-16't-15't-14't-13't-12't-11't-10't-9'0-8't-7'0 is done.
split C001-19't-18'0-17't-16't-15't-14't-13't-12't-11't-10't-9't-8't
C001-19't-18'0-17't-16't-15't-14't-13't-12't-11't-10't-9't-8't-7'0 is done.
split C001-19't-18't-17'0-16't-15't-14't-13't-12't-11'0-10't-9't-8't
C001-19't-18't-17'0-16't-15't-14't-13't-12't-11'0-10't-9't-8't-7'0 is done.
split C001-19't-18't-17't-16't-15'0-14't-13't-12't-11'0-10't-9't-8't
C001-19't-18't-17't-16't-15'0-14't-13't-12't-11'0-10't-9't-8't-7'0 is done.
split C001-19't-18't-17't-16't-15'0-14't-13't-12't-11't-10't-9't-8't
C001-19't-18't-17't-16't-15'0-14't-13't-12't-11't-10't-9't-8't-7'0 is done.
split C001-19't-18't-17't-16't-15't-14'0-13't-12't-11't-10't-9't-8't
split C001-19't-18't-17't-16't-15't-14't-13't-12'0-11't-10't-9't-8'0
C001-19't-18't-17't-16't-15't-14't-13't-12'0-11't-10't-9't-8'0-7'0 is done.
split C001-19't-18't-17't-16't-15't-14't-13't-12'0-11't-10't-9't-8't
C001-19't-18't-17't-16't-15't-14't-13't-12'0-11't-10't-9't-8't-7'0 is done.
split C001-19't-18't-17't-16't-15't-14't-13't-12't-11't-10't-9't-8't
C001-19't-18't-17't-16't-15't-14't-13't-12't-11't-10't-9't-8't-7'0 is done.
split C001-19'0-18'0-17't-16't-15't-14't-13't-12't-11't-10't-9't-8't-7't
C001-19'0-18'0-17't-16't-15't-14't-13't-12't-11't-10't-9't-8't-7't-6'0 is done.
split C001-19't-18'0-17't-16't-15't-14't-13't-12't-11't-10't-9'0-8't-7't
C001-19't-18'0-17't-16't-15't-14't-13't-12't-11't-10't-9'0-8't-7't-6'0 is done.
split C001-19't-18'0-17't-16't-15't-14't-13't-12't-11't-10't-9't-8't-7't
C001-19't-18'0-17't-16't-15't-14't-13't-12't-11't-10't-9't-8't-7't-6'0 is done.
split C001-19't-18't-17'0-16't-15't-14't-13't-12't-11'0-10't-9't-8't-7't
C001-19't-18't-17'0-16't-15't-14't-13't-12't-11'0-10't-9't-8't-7't-6'0 is done.
split C001-19't-18't-17't-16't-15'0-14't-13't-12't-11'0-10't-9't-8't-7't
split C001-19't-18't-17't-16't-15'0-14't-13't-12't-11't-10't-9't-8't-7't
C001-19't-18't-17't-16't-15'0-14't-13't-12't-11't-10't-9't-8't-7't-6'0 is done.
split C001-19't-18't-17't-16't-15't-14'0-13't-12't-11't-10't-9't-8't-7'0
C001-19't-18't-17't-16't-15't-14'0-13't-12't-11't-10't-9't-8't-7'0-6'0 is done.
split C001-19't-18't-17't-16't-15't-14'0-13't-12't-11't-10't-9't-8't-7't
C001-19't-18't-17't-16't-15't-14'0-13't-12't-11't-10't-9't-8't-7't-6'0 is done.
split C001-19't-18't-17't-16't-15't-14't-13't-12'0-11't-10't-9't-8'0-7't
C001-19't-18't-17't-16't-15't-14't-13't-12'0-11't-10't-9't-8'0-7't-6'0 is done.
split C001-19't-18't-17't-16't-15't-14't-13't-12'0-11't-10't-9't-8't-7't
split C001-19't-18't-17't-16't-15't-14't-13't-12't-11't-10't-9't-8't-7't
C001-19't-18't-17't-16't-15't-14't-13't-12't-11't-10't-9't-8't-7't-6'0 is done.
split C001-19'0-18'0-17't-16't-15't-14't-13't-12't-11't-10't-9't-8't-7't-6't
C001-19'0-18'0-17't-16't-15't-14't-13't-12't-11't-10't-9't-8't-7't-6't-5'0 is done.
split C001-19't-18'0-17't-16't-15't-14't-13't-12't-11't-10't-9'0-8't-7't-6't
C001-19't-18'0-17't-16't-15't-14't-13't-12't-11't-10't-9'0-8't-7't-6't-5'0 is done.
C001-19't-18'0-17't-16't-15't-14't-13't-12't-11't-10't-9'0-8't-7't-6't-5'1 is done.
split C001-19't-18'0-17't-16't-15't-14't-13't-12't-11't-10't-9't-8't-7't-6't
C001-19't-18'0-17't-16't-15't-14't-13't-12't-11't-10't-9't-8't-7't-6't-5'0 is done.
split C001-19't-18't-17'0-16't-15't-14't-13't-12't-11'0-10't-9't-8't-7't-6't
C001-19't-18't-17'0-16't-15't-14't-13't-12't-11'0-10't-9't-8't-7't-6't-5'0 is done.
split C001-19't-18't-17't-16't-15'0-14't-13't-12't-11'0-10't-9't-8't-7't-6'0
C001-19't-18't-17't-16't-15'0-14't-13't-12't-11'0-10't-9't-8't-7't-6'0-5'0 is done.
split C001-19't-18't-17't-16't-15'0-14't-13't-12't-11'0-10't-9't-8't-7't-6't
split C001-19't-18't-17't-16't-15'0-14't-13't-12't-11't-10't-9't-8't-7't-6't
C001-19't-18't-17't-16't-15'0-14't-13't-12't-11't-10't-9't-8't-7't-6't-5'0 is done.
split C001-19't-18't-17't-16't-15't-14'0-13't-12't-11't-10't-9't-8't-7'0-6't
C001-19't-18't-17't-16't-15't-14'0-13't-12't-11't-10't-9't-8't-7'0-6't-5'0 is done.
split C001-19't-18't-17't-16't-15't-14'0-13't-12't-11't-10't-9't-8't-7't-6't
split C001-19't-18't-17't-16't-15't-14't-13't-12'0-11't-10't-9't-8'0-7't-6't
split C001-19't-18't-17't-16't-15't-14't-13't-12'0-11't-10't-9't-8't-7't-6'0
C001-19't-18't-17't-16't-15't-14't-13't-12'0-11't-10't-9't-8't-7't-6'0-5'0 is done.
split C001-19't-18't-17't-16't-15't-14't-13't-12'0-11't-10't-9't-8't-7't-6't
split C001-19't-18't-17't-16't-15't-14't-13't-12't-11't-10't-9't-8't-7't-6't
C001-19't-18't-17't-16't-15't-14't-13't-12't-11't-10't-9't-8't-7't-6't-5'0 is done.
split C001-19'0-18'0-17't-16't-15't-14't-13't-12't-11't-10't-9't-8't-7't-6't-5't
C001-19'0-18'0-17't-16't-15't-14't-13't-12't-11't-10't-9't-8't-7't-6't-5't-4'0 is done.
C001-19'0-18'0-17't-16't-15't-14't-13't-12't-11't-10't-9't-8't-7't-6't-5't-4'1 is done.
split C001-19't-18'0-17't-16't-15't-14't-13't-12't-11't-10't-9't-8't-7't-6't-5't
C001-19't-18'0-17't-16't-15't-14't-13't-12't-11't-10't-9't-8't-7't-6't-5't-4'0 is done.
C001-19't-18'0-17't-16't-15't-14't-13't-12't-11't-10't-9't-8't-7't-6't-5't-4'1 is done.
split C001-19't-18't-17'0-16't-15't-14't-13't-12't-11'0-10't-9't-8't-7't-6't-5't
C001-19't-18't-17'0-16't-15't-14't-13't-12't-11'0-10't-9't-8't-7't-6't-5't-4'0 is done.
split C001-19't-18't-17't-16't-15'0-14't-13't-12't-11'0-10't-9't-8't-7't-6'0-5't
C001-19't-18't-17't-16't-15'0-14't-13't-12't-11'0-10't-9't-8't-7't-6'0-5't-4'0 is done.
split C001-19't-18't-17't-16't-15'0-14't-13't-12't-11'0-10't-9't-8't-7't-6't-5'0
C001-19't-18't-17't-16't-15'0-14't-13't-12't-11'0-10't-9't-8't-7't-6't-5'0-4'0 is done.
split C001-19't-18't-17't-16't-15'0-14't-13't-12't-11'0-10't-9't-8't-7't-6't-5't
C001-19't-18't-17't-16't-15'0-14't-13't-12't-11'0-10't-9't-8't-7't-6't-5't-4'0 is done.
split C001-19't-18't-17't-16't-15'0-14't-13't-12't-11't-10't-9't-8't-7't-6't-5't
C001-19't-18't-17't-16't-15'0-14't-13't-12't-11't-10't-9't-8't-7't-6't-5't-4'0 is done.
split C001-19't-18't-17't-16't-15't-14'0-13't-12't-11't-10't-9't-8't-7'0-6't-5't
C001-19't-18't-17't-16't-15't-14'0-13't-12't-11't-10't-9't-8't-7'0-6't-5't-4'0 is done.
split C001-19't-18't-17't-16't-15't-14'0-13't-12't-11't-10't-9't-8't-7't-6't-5'0
C001-19't-18't-17't-16't-15't-14'0-13't-12't-11't-10't-9't-8't-7't-6't-5'0-4'0 is done.
split C001-19't-18't-17't-16't-15't-14'0-13't-12't-11't-10't-9't-8't-7't-6't-5't
split C001-19't-18't-17't-16't-15't-14't-13't-12'0-11't-10't-9't-8'0-7't-6't-5'0
C001-19't-18't-17't-16't-15't-14't-13't-12'0-11't-10't-9't-8'0-7't-6't-5'0-4'0 is done.
split C001-19't-18't-17't-16't-15't-14't-13't-12'0-11't-10't-9't-8'0-7't-6't-5't
split C001-19't-18't-17't-16't-15't-14't-13't-12'0-11't-10't-9't-8't-7't-6'0-5't
split C001-19't-18't-17't-16't-15't-14't-13't-12'0-11't-10't-9't-8't-7't-6't-5'0
C001-19't-18't-17't-16't-15't-14't-13't-12'0-11't-10't-9't-8't-7't-6't-5'0-4'0 is done.
split C001-19't-18't-17't-16't-15't-14't-13't-12'0-11't-10't-9't-8't-7't-6't-5't
16 sat(s) found!!!
perf-count:
{   'BitDic-init': 453,
    'SATS': [   726543,
                726671,
                726799,
                726927,
                661007,
                661135,
                661263,
                661391,
                726541,
                726669,
                726797,
                726925,
                661005,
                661133,
                661261,
                661389],
    'TxTopKn': 144,
    'add_clause': 453,
    'set_txseed': 155,
    'split_topbit': 155,
    'test4_finish': 308,
    'time-used': 0.573960542678833}
===============
166 sats found by solver0:
sats: [
55191, 168847, 168878, 168879, 169607, 169623, 169863, 169871, 169879, 169894, 169895, 169902,
169903, 169910, 169911, 177798, 177799, 177814, 177815, 178054, 178055, 178070, 178071, 186263,
235143, 235159, 243334, 243335, 243350, 243351, 579479, 659981, 659983, 660045, 660047, 660109,
660111, 660173, 660175, 660237, 660239, 660269, 660271, 660301, 660303, 660365, 660367, 660397,
660399, 660429, 660431, 661005, 661007, 661127, 661133, 661135, 661191, 661197, 661199, 661261,
661263, 661293, 661295, 661383, 661389, 661391, 661415, 661421, 661423, 661447, 661453, 661455,
661479, 693135, 693167, 693197, 693199, 693895, 693911, 693959, 694151, 694159, 694167, 694183,
694191, 694199, 694215, 694221, 694223, 694247, 710551, 725517, 725581, 725645, 725709, 725773,
725805, 725837, 725901, 725933, 725965, 726541, 726543, 726663, 726669, 726671, 726727, 726733,
726735, 726797, 726799, 726829, 726831, 726919, 726925, 726927, 726951, 726957, 726959, 726983,
726989, 726991, 727015, 729869, 729933, 729997, 730061, 730637, 730639, 730759, 730765, 730767,
730829, 730893, 730895, 731015, 731021, 731023, 731085, 733709, 733773, 733837, 733901, 733965,
734029, 734093, 734157, 734733, 734735, 734855, 734861, 734863, 734925, 734989, 734991, 735111,
735117, 735119, 735181, 759431, 759447, 759495, 763527, 763543, 767623, 767639
]